[2012-10-08 21:16:44,116]:
INFO:Collector:Collector Started
[2012-10-08 21:16:53,645]:
INFO:Collector:Collector Started
[2012-10-08 21:17:35,894]:
INFO:Collector:Collector Started
[2012-10-08 21:17:40,646]:
INFO:Collector:Collector Started
[2012-10-08 21:17:48,696]:
INFO:Collector:Collector Started
[2012-10-08 21:17:48,698]:
INFO:Collector:Parsing config file: collector.config
ERROR:TwitterCollector:(1045, "Access denied for user 'root'@'localhost' (using password: YES)")
Check DB pass/user in config file.
Exiting...
[2012-10-08 22:13:05,664]:
INFO:Collector:Collector Started
[2012-10-08 22:13:05,666]:
INFO:Collector:Parsing config file: collector.config
ERROR:TwitterCollector:(1045, "Access denied for user 'user'@'localhost' (using password: YES)")
Check DB pass/user in config file.
Exiting...
[2012-10-08 22:13:15,625]:
INFO:Collector:Collector Started
[2012-10-08 22:13:31,321]:
INFO:Collector:Collector Started
